ERROR: system: Crop is already defined in that package
INFO: MineTweaker: Building registry
INFO: MineTweaker: Sucessfully built item registry
INFO: Adding minetweaker command mfr
INFO: Adding recipe for Stick
INFO: Glidev5 recipe loaded!
INFO: Adding recipe for Coal Coke
INFO: Adding recipe for Fuel Pellet
INFO: Adding recipe for Fuel Pellet
INFO: Adding recipe for Diamond Upgrade
INFO: Adding recipe for Diamond Miner
INFO: Adding recipe for Iron Golem
INFO: Removing recipe for Iron Golem
INFO: Removing recipe for Diamond Miner
INFO: Removing recipe for Diamond Upgrade
INFO: Removing recipe for Fuel Pellet
INFO: Removing recipe for Fuel Pellet
INFO: Removing recipe for Coal Coke
INFO: Removing recipe for Stick
INFO: Removing minetweaker command mfr
INFO: Adding minetweaker command mfr
INFO: Adding recipe for Stick
INFO: Glidev5 recipe loaded!
INFO: Adding recipe for Coal Coke
INFO: Adding recipe for Fuel Pellet
INFO: Adding recipe for Fuel Pellet
INFO: Adding recipe for Diamond Upgrade
INFO: Adding recipe for Diamond Miner
INFO: Adding recipe for Iron Golem
INFO: Removing recipe for Iron Golem
INFO: Removing recipe for Diamond Miner
INFO: Removing recipe for Diamond Upgrade
INFO: Removing recipe for Fuel Pellet
INFO: Removing recipe for Fuel Pellet
INFO: Removing recipe for Coal Coke
INFO: Removing recipe for Stick
INFO: Removing minetweaker command mfr
INFO: Adding minetweaker command mfr
INFO: Adding recipe for Stick
INFO: Glidev5 recipe loaded!
INFO: Adding recipe for Coal Coke
INFO: Adding recipe for Fuel Pellet
INFO: Adding recipe for Fuel Pellet
INFO: Adding recipe for Diamond Upgrade
INFO: Adding recipe for Diamond Miner
INFO: Adding recipe for Iron Golem
INFO: Removing recipe for Iron Golem
INFO: Removing recipe for Diamond Miner
INFO: Removing recipe for Diamond Upgrade
INFO: Removing recipe for Fuel Pellet
INFO: Removing recipe for Fuel Pellet
INFO: Removing recipe for Coal Coke
INFO: Removing recipe for Stick
INFO: Removing minetweaker command mfr
INFO: Adding minetweaker command mfr
INFO: Adding recipe for Stick
INFO: Glidev5 recipe loaded!
INFO: Adding recipe for Coal Coke
INFO: Adding recipe for Fuel Pellet
INFO: Adding recipe for Fuel Pellet
INFO: Adding recipe for Diamond Upgrade
INFO: Adding recipe for Diamond Miner
INFO: Adding recipe for Iron Golem
INFO: Removing recipe for Iron Golem
INFO: Removing recipe for Diamond Miner
INFO: Removing recipe for Diamond Upgrade
INFO: Removing recipe for Fuel Pellet
INFO: Removing recipe for Fuel Pellet
INFO: Removing recipe for Coal Coke
INFO: Removing recipe for Stick
INFO: Removing minetweaker command mfr
INFO: Adding minetweaker command mfr
INFO: Adding recipe for Stick
INFO: Glidev5 recipe loaded!
INFO: Adding recipe for Coal Coke
INFO: Adding recipe for Fuel Pellet
INFO: Adding recipe for Fuel Pellet
INFO: Adding recipe for Diamond Upgrade
INFO: Adding recipe for Diamond Miner
INFO: Adding recipe for Iron Golem
INFO: Removing recipe for Iron Golem
INFO: Removing recipe for Diamond Miner
INFO: Removing recipe for Diamond Upgrade
INFO: Removing recipe for Fuel Pellet
INFO: Removing recipe for Fuel Pellet
INFO: Removing recipe for Coal Coke
INFO: Removing recipe for Stick
INFO: Removing minetweaker command mfr
INFO: Adding minetweaker command mfr
INFO: Adding recipe for Stick
INFO: Glidev5 recipe loaded!
INFO: Adding recipe for Coal Coke
INFO: Adding recipe for Fuel Pellet
INFO: Adding recipe for Fuel Pellet
INFO: Adding recipe for Diamond Upgrade
INFO: Adding recipe for Diamond Miner
INFO: Adding recipe for Iron Golem
