[22:40:42] [main/INFO]: LiteLoader 1.7.10_04 starting up...
[22:40:42] [main/INFO]: Java reports OS="windows 10"
[22:40:42] [main/INFO]: Enumerating class path...
[22:40:42] [main/INFO]: Class path separator=";"
[22:40:42] [main/INFO]: Class path entries=(
   classpathEntry=G:/game/ftb/MultiMC/jars/NewLaunch.jar
)
[22:40:42] [main/INFO]: Registering discovery module EnumeratorModuleClassPath: [<Java Class Path>]
[22:40:42] [main/INFO]: Registering discovery module EnumeratorModuleFolder: [G:\game\ftb\FTBLite3\minecraft\mods]
[22:40:42] [main/INFO]: Registering discovery module EnumeratorModuleFolder: [G:\game\ftb\FTBLite3\minecraft\mods\1.7.10]
[22:40:42] [main/INFO]: Adding supported mod class prefix 'LiteMod'
[22:40:42] [main/INFO]: Discovering tweaks on class path...
[22:40:42] [main/INFO]: Discovering valid mod files in folder G:\game\ftb\FTBLite3\minecraft\mods
[22:40:42] [main/INFO]: Discovering valid mod files in folder G:\game\ftb\FTBLite3\minecraft\mods\1.7.10
[22:40:42] [main/INFO]: Searching for tweaks in 'Baubles-1.7.10-1.0.1.10.jar'
[22:40:42] [main/WARN]: Error parsing manifest entries in 'G:\game\ftb\FTBLite3\minecraft\mods\1.7.10\Baubles-1.7.10-1.0.1.10.jar'
[22:40:42] [main/INFO]: Searching for tweaks in 'CodeChickenLib-1.7.10-1.1.3.138-universal.jar'
[22:40:42] [main/WARN]: Error parsing manifest entries in 'G:\game\ftb\FTBLite3\minecraft\mods\1.7.10\CodeChickenLib-1.7.10-1.1.3.138-universal.jar'
[22:40:42] [main/INFO]: Searching for tweaks in 'CodingLib-0.0.3b26-universal.jar'
[22:40:42] [main/WARN]: Error parsing manifest entries in 'G:\game\ftb\FTBLite3\minecraft\mods\1.7.10\CodingLib-0.0.3b26-universal.jar'
[22:40:42] [main/INFO]: Searching for tweaks in 'commons-codec-1.9.jar'
[22:40:42] [main/WARN]: Error parsing manifest entries in 'G:\game\ftb\FTBLite3\minecraft\mods\1.7.10\commons-codec-1.9.jar'
[22:40:42] [main/INFO]: Searching for tweaks in 'commons-compress-1.8.1.jar'
[22:40:42] [main/WARN]: Error parsing manifest entries in 'G:\game\ftb\FTBLite3\minecraft\mods\1.7.10\commons-compress-1.8.1.jar'
[22:40:42] [main/INFO]: Searching for tweaks in 'ForgeMultipart-1.7.10-1.2.0.345-universal.jar'
[22:40:42] [main/WARN]: Error parsing manifest entries in 'G:\game\ftb\FTBLite3\minecraft\mods\1.7.10\ForgeMultipart-1.7.10-1.2.0.345-universal.jar'
[22:40:42] [main/INFO]: Searching for tweaks in 'ForgeRelocation-1.7.10-0.0.1.4-universal.jar'
[22:40:42] [main/WARN]: Error parsing manifest entries in 'G:\game\ftb\FTBLite3\minecraft\mods\1.7.10\ForgeRelocation-1.7.10-0.0.1.4-universal.jar'
[22:40:42] [main/INFO]: Searching for tweaks in 'ForgeRelocationFMP-1.7.10-0.0.1.2-universal.jar'
[22:40:42] [main/WARN]: Error parsing manifest entries in 'G:\game\ftb\FTBLite3\minecraft\mods\1.7.10\ForgeRelocationFMP-1.7.10-0.0.1.2-universal.jar'
[22:40:42] [main/INFO]: Searching for tweaks in 'LibSandstone-1.0.0.jar'
[22:40:42] [main/WARN]: Error parsing manifest entries in 'G:\game\ftb\FTBLite3\minecraft\mods\1.7.10\LibSandstone-1.0.0.jar'
[22:40:42] [main/INFO]: Searching for tweaks in 'MrTJPCore-1.1.0.33-universal.jar'
[22:40:42] [main/WARN]: Error parsing manifest entries in 'G:\game\ftb\FTBLite3\minecraft\mods\1.7.10\MrTJPCore-1.1.0.33-universal.jar'
[22:40:42] [main/INFO]: LiteLoader PREINIT complete
[22:40:44] [main/INFO]: Injecting onstartupcomplete[x1] in func_71384_a in Minecraft
[22:40:44] [main/INFO]: Injecting prerenderfbo[x1] in func_71411_J in Minecraft
[22:40:44] [main/INFO]: Injecting postrenderfbo[x1] in func_71411_J in Minecraft
[22:40:44] [main/INFO]: Injecting ontimerupdate[x1] in func_71411_J in Minecraft
[22:40:44] [main/INFO]: Injecting onrender[x1] in func_71411_J in Minecraft
[22:40:44] [main/INFO]: Injecting ontick[x1] in func_71411_J in Minecraft
[22:40:44] [main/INFO]: Injecting updateframebuffersize[x1] in func_147119_ah in Minecraft
[22:40:44] [main/INFO]: Injecting newtick[x1] in func_71407_l in Minecraft
[22:40:44] [main/INFO]: Applying overlay com.mumfrey.liteloader.client.overlays.MinecraftOverlay to net.minecraft.client.Minecraft
[22:40:44] [main/INFO]: MinecraftOverlayTransformer found INIT injection point, this is good.
[22:40:44] [main/INFO]: Injecting onrenderchat[x1] in func_73830_a in GuiIngame
[22:40:44] [main/INFO]: Injecting postrenderchat[x1] in func_73830_a in GuiIngame
[22:40:44] [main/INFO]: Injecting onoutboundchat[x1] in func_71165_d in EntityClientPlayerMP
[22:40:45] [main/INFO]: Injecting onc16packetclientstatus[x1] in func_148833_a in C16PacketClientStatus
[22:40:45] [main/INFO]: Injecting onc00handshake[x1] in func_148833_a in C00Handshake
[22:40:45] [main/INFO]: Injecting onc00packetloginstart[x1] in func_148833_a in C00PacketLoginStart
[22:40:45] [main/INFO]: Injecting ons03packettimeupdate[x1] in func_148833_a in S03PacketTimeUpdate
[22:40:46] [main/INFO]: Injecting ons34packetmaps[x1] in func_148833_a in S34PacketMaps
[22:40:46] [Client thread/INFO]: Injecting onc15packetclientsettings[x1] in func_148833_a in C15PacketClientSettings
[22:40:47] [Client thread/INFO]: Injecting renderfbo[x1] in func_147615_c in Framebuffer
[22:40:48] [Client thread/INFO]: Injecting oncreateintegratedserver[x1] in <init> in IntegratedServer
[22:40:48] [Client thread/INFO]: Generating new Event Handler Proxy Class com.mumfrey.liteloader.core.event.EventProxy
[22:40:48] [Client thread/INFO]: Successfully generated event handler proxy class with 19 handlers(s) and 19 total invokations
[22:41:04] [Client thread/INFO]: Injecting prerendergui[x1] in func_78480_b in EntityRenderer
[22:41:04] [Client thread/INFO]: Injecting onrenderhud[x1] in func_78480_b in EntityRenderer
[22:41:04] [Client thread/INFO]: Injecting postrenderhud[x1] in func_78480_b in EntityRenderer
[22:41:04] [Client thread/INFO]: Injecting onrenderworld[x1] in func_78471_a in EntityRenderer
[22:41:04] [Client thread/INFO]: Injecting onsetupcameratransform[x1] in func_78471_a in EntityRenderer
[22:41:04] [Client thread/INFO]: Injecting postrenderentities[x1] in func_78471_a in EntityRenderer
[22:41:04] [Client thread/INFO]: Injecting postrender[x1] in func_78471_a in EntityRenderer
[22:41:04] [Client thread/INFO]: Injecting postrender[x1] in func_78471_a in EntityRenderer
[22:41:08] [Client thread/INFO]: Injecting onc08packetplayerblockplacement[x1] in func_148833_a in C08PacketPlayerBlockPlacement
[22:41:12] [Client thread/INFO]: Injecting onplayerlogin[x1] in func_72377_c in ServerConfigurationManager
[22:41:12] [Client thread/INFO]: Injecting onplayerlogout[x1] in func_72367_e in ServerConfigurationManager
[22:41:12] [Client thread/INFO]: Injecting onspawnplayer[x1] in func_148545_a in ServerConfigurationManager
[22:41:12] [Client thread/INFO]: Injecting onrespawnplayer[x1] in func_72368_a in ServerConfigurationManager
[22:41:12] [Client thread/INFO]: Injecting ons24packetblockaction[x1] in func_148833_a in S24PacketBlockAction
[22:41:12] [Client thread/INFO]: Injecting ons2apacketparticles[x1] in func_148833_a in S2APacketParticles
[22:41:12] [Client thread/INFO]: Injecting ons19packetentitystatus[x1] in func_148833_a in S19PacketEntityStatus
[22:41:12] [Client thread/INFO]: Injecting ons27packetexplosion[x1] in func_148833_a in S27PacketExplosion
[22:41:12] [Client thread/INFO]: Injecting ons2bpacketchangegamestate[x1] in func_148833_a in S2BPacketChangeGameState
[22:41:12] [Client thread/INFO]: Injecting ons2cpacketspawnglobalentity[x1] in func_148833_a in S2CPacketSpawnGlobalEntity
[22:41:12] [Client thread/INFO]: Injecting ons23packetblockchange[x1] in func_148833_a in S23PacketBlockChange
[22:41:17] [Client thread/INFO]: Injecting onc0dpacketclosewindow[x1] in func_148833_a in C0DPacketCloseWindow
[22:41:20] [Client thread/INFO]: Injecting ons35packetupdatetileentity[x1] in func_148833_a in S35PacketUpdateTileEntity
[22:41:22] [Client thread/INFO]: Injecting ons2fpacketsetslot[x1] in func_148833_a in S2FPacketSetSlot
[22:41:23] [Client thread/INFO]: Injecting onc07packetplayerdigging[x1] in func_148833_a in C07PacketPlayerDigging
[22:41:36] [Client thread/INFO]: Injecting ons04packetentityequipment[x1] in func_148833_a in S04PacketEntityEquipment
[22:41:36] [Client thread/INFO]: Injecting ons0bpacketanimation[x1] in func_148833_a in S0BPacketAnimation
[22:41:36] [Client thread/INFO]: Injecting ons0dpacketcollectitem[x1] in func_148833_a in S0DPacketCollectItem
[22:41:36] [Client thread/INFO]: Injecting ons1bpacketentityattach[x1] in func_148833_a in S1BPacketEntityAttach
[22:41:36] [Client thread/INFO]: Injecting ons18packetentityteleport[x1] in func_148833_a in S18PacketEntityTeleport
[22:41:37] [Client thread/INFO]: Injecting ons12packetentityvelocity[x1] in func_148833_a in S12PacketEntityVelocity
[22:41:49] [Client thread/INFO]: Injecting ons0apacketusebed[x1] in func_148833_a in S0APacketUseBed
[22:41:49] [Client thread/INFO]: Injecting ons02packetchat[x1] in func_148833_a in S02PacketChat
[22:41:58] [Client thread/INFO]: JInput Component Registry is initialising...
[22:41:58] [Client thread/INFO]: Inspecting Mouse controller HID-compliant mouse on Unknown...
[22:41:58] [Client thread/INFO]: Inspecting Mouse controller HID-compliant mouse on Unknown...
[22:41:58] [Client thread/INFO]: Inspecting Keyboard controller Standard PS/2 Keyboard on Unknown...
[22:41:58] [Client thread/INFO]: Inspecting Mouse controller Lenovo pointing device on Unknown...
[22:41:58] [Client thread/INFO]: Inspecting Unknown controller Wireless Receiver on Unknown...
[22:41:58] [Client thread/INFO]: Inspecting Unknown controller Wireless Receiver on Unknown...
[22:41:58] [Client thread/INFO]: Inspecting Unknown controller UMDF HID minidriver Device on Unknown...
[22:41:58] [Client thread/INFO]: JInput Component Registry initialised, found 7 controller(s) 167 component(s)
[22:41:58] [Client thread/INFO]: Injecting onc17packetcustompayload[x1] in func_148833_a in C17PacketCustomPayload
[22:41:58] [Client thread/INFO]: Injecting ons3fpacketcustompayload[x1] in func_148833_a in S3FPacketCustomPayload
[22:41:58] [Client thread/INFO]: LiteLoader begin INIT...
[22:41:58] [Client thread/INFO]: Baking listener list for CoreProvider with 2 listeners
[22:41:58] [Client thread/INFO]: Injecting external mods into class path...
[22:41:58] [Client thread/INFO]: Injecting external mods into class path...
[22:41:58] [Client thread/INFO]: Discovering mods on class path...
[22:41:58] [Client thread/INFO]: Searching G:\game\ftb\MultiMC\jars\NewLaunch.jar...
[22:41:58] [Client thread/INFO]: Discovering mods in valid mod files...
[22:41:58] [Client thread/INFO]: Discovering mods in valid mod files...
[22:42:00] [Client thread/INFO]: Mod class discovery completed
[22:42:00] [Client thread/INFO]: LiteLoader begin POSTINIT...
[22:42:02] [Client thread/INFO]: Inhibiting sound handler reload
[22:42:02] [Client thread/INFO]: Registering interface provider com.mumfrey.liteloader.client.ClientEvents for API LiteLoader core API
[22:42:02] [Client thread/INFO]: Injecting onc01packetchatmessage[x1] in func_148833_a in C01PacketChatMessage
[22:42:02] [Client thread/INFO]: Registering interface provider com.mumfrey.liteloader.client.PacketEventsClient for API LiteLoader core API
[22:42:02] [Client thread/INFO]: Injecting ons02packetloginsuccess[x1] in func_148833_a in S02PacketLoginSuccess
[22:42:02] [Client thread/INFO]: Injecting ons01packetjoingame[x1] in func_148833_a in S01PacketJoinGame
[22:42:02] [Client thread/INFO]: Registering interface provider com.mumfrey.liteloader.client.ClientPluginChannelsClient for API LiteLoader core API
[22:42:02] [Client thread/INFO]: Registering interface provider com.mumfrey.liteloader.core.ServerPluginChannels for API LiteLoader core API
[22:42:02] [Client thread/INFO]: Registering interface provider com.mumfrey.liteloader.messaging.MessageBus for API LiteLoader core API
[22:42:02] [Client thread/INFO]: Discovered 0 total mod(s), injected 0 tweak(s)
[22:42:02] [Client thread/INFO]: No mod classes were found. Not loading any mods.
[22:42:16] [Client thread/INFO]: Injecting ons21packetchunkdata[x1] in func_148833_a in S21PacketChunkData
[22:42:16] [Client thread/INFO]: Injecting ons00packetkeepalive[x1] in func_148833_a in S00PacketKeepAlive
[22:42:16] [Client thread/INFO]: Injecting ons05packetspawnposition[x1] in func_148833_a in S05PacketSpawnPosition
[22:42:16] [Client thread/INFO]: Injecting ons06packetupdatehealth[x1] in func_148833_a in S06PacketUpdateHealth
[22:42:16] [Client thread/INFO]: Injecting ons07packetrespawn[x1] in func_148833_a in S07PacketRespawn
[22:42:16] [Client thread/INFO]: Injecting ons08packetplayerposlook[x1] in func_148833_a in S08PacketPlayerPosLook
[22:42:16] [Client thread/INFO]: Injecting ons09packethelditemchange[x1] in func_148833_a in S09PacketHeldItemChange
[22:42:16] [Client thread/INFO]: Injecting ons0cpacketspawnplayer[x1] in func_148833_a in S0CPacketSpawnPlayer
[22:42:16] [Client thread/INFO]: Injecting ons0epacketspawnobject[x1] in func_148833_a in S0EPacketSpawnObject
[22:42:16] [Client thread/INFO]: Injecting ons0fpacketspawnmob[x1] in func_148833_a in S0FPacketSpawnMob
[22:42:16] [Client thread/INFO]: Injecting ons10packetspawnpainting[x1] in func_148833_a in S10PacketSpawnPainting
[22:42:16] [Client thread/INFO]: Injecting ons11packetspawnexperienceorb[x1] in func_148833_a in S11PacketSpawnExperienceOrb
[22:42:16] [Client thread/INFO]: Injecting ons13packetdestroyentities[x1] in func_148833_a in S13PacketDestroyEntities
[22:42:16] [Client thread/INFO]: Injecting ons14packetentity[x1] in func_148833_a in S14PacketEntity
[22:42:16] [Client thread/INFO]: Injecting ons15packetentityrelmove[x1] in func_148833_a in S14PacketEntity$S15PacketEntityRelMove
[22:42:16] [Client thread/INFO]: Injecting ons16packetentitylook[x1] in func_148833_a in S14PacketEntity$S16PacketEntityLook
[22:42:16] [Client thread/INFO]: Injecting ons17packetentitylookmove[x1] in func_148833_a in S14PacketEntity$S17PacketEntityLookMove
[22:42:16] [Client thread/INFO]: Injecting ons19packetentityheadlook[x1] in func_148833_a in S19PacketEntityHeadLook
[22:42:16] [Client thread/INFO]: Injecting ons1cpacketentitymetadata[x1] in func_148833_a in S1CPacketEntityMetadata
[22:42:16] [Client thread/INFO]: Injecting ons1dpacketentityeffect[x1] in func_148833_a in S1DPacketEntityEffect
[22:42:16] [Client thread/INFO]: Injecting ons1epacketremoveentityeffect[x1] in func_148833_a in S1EPacketRemoveEntityEffect
[22:42:16] [Client thread/INFO]: Injecting ons1fpacketsetexperience[x1] in func_148833_a in S1FPacketSetExperience
[22:42:16] [Client thread/INFO]: Injecting ons20packetentityproperties[x1] in func_148833_a in S20PacketEntityProperties
[22:42:16] [Client thread/INFO]: Injecting ons22packetmultiblockchange[x1] in func_148833_a in S22PacketMultiBlockChange
[22:42:16] [Client thread/INFO]: Injecting ons25packetblockbreakanim[x1] in func_148833_a in S25PacketBlockBreakAnim
[22:42:16] [Client thread/INFO]: Injecting ons26packetmapchunkbulk[x1] in func_148833_a in S26PacketMapChunkBulk
[22:42:16] [Client thread/INFO]: Injecting ons28packeteffect[x1] in func_148833_a in S28PacketEffect
[22:42:16] [Client thread/INFO]: Injecting ons29packetsoundeffect[x1] in func_148833_a in S29PacketSoundEffect
[22:42:16] [Client thread/INFO]: Injecting ons2dpacketopenwindow[x1] in func_148833_a in S2DPacketOpenWindow
[22:42:16] [Client thread/INFO]: Injecting ons2epacketclosewindow[x1] in func_148833_a in S2EPacketCloseWindow
[22:42:16] [Client thread/INFO]: Injecting ons30packetwindowitems[x1] in func_148833_a in S30PacketWindowItems
[22:42:16] [Client thread/INFO]: Injecting ons31packetwindowproperty[x1] in func_148833_a in S31PacketWindowProperty
[22:42:16] [Client thread/INFO]: Injecting ons32packetconfirmtransaction[x1] in func_148833_a in S32PacketConfirmTransaction
[22:42:16] [Client thread/INFO]: Injecting ons33packetupdatesign[x1] in func_148833_a in S33PacketUpdateSign
[22:42:16] [Client thread/INFO]: Injecting ons36packetsigneditoropen[x1] in func_148833_a in S36PacketSignEditorOpen
[22:42:16] [Client thread/INFO]: Injecting ons37packetstatistics[x1] in func_148833_a in S37PacketStatistics
[22:42:16] [Client thread/INFO]: Injecting ons38packetplayerlistitem[x1] in func_148833_a in S38PacketPlayerListItem
[22:42:16] [Client thread/INFO]: Injecting ons39packetplayerabilities[x1] in func_148833_a in S39PacketPlayerAbilities
[22:42:16] [Client thread/INFO]: Injecting ons3apackettabcomplete[x1] in func_148833_a in S3APacketTabComplete
[22:42:16] [Client thread/INFO]: Injecting ons3bpacketscoreboardobjective[x1] in func_148833_a in S3BPacketScoreboardObjective
[22:42:16] [Client thread/INFO]: Injecting ons3cpacketupdatescore[x1] in func_148833_a in S3CPacketUpdateScore
[22:42:16] [Client thread/INFO]: Injecting ons3dpacketdisplayscoreboard[x1] in func_148833_a in S3DPacketDisplayScoreboard
[22:42:16] [Client thread/INFO]: Injecting ons3epacketteams[x1] in func_148833_a in S3EPacketTeams
[22:42:16] [Client thread/INFO]: Injecting ons40packetdisconnect[x1] in func_148833_a in S40PacketDisconnect
[22:42:16] [Client thread/INFO]: Injecting onc00packetkeepalive[x1] in func_148833_a in C00PacketKeepAlive
[22:42:16] [Client thread/INFO]: Injecting onc02packetuseentity[x1] in func_148833_a in C02PacketUseEntity
[22:42:16] [Client thread/INFO]: Injecting onc03packetplayer[x1] in func_148833_a in C03PacketPlayer
[22:42:16] [Client thread/INFO]: Injecting onc04packetplayerposition[x1] in func_148833_a in C03PacketPlayer$C04PacketPlayerPosition
[22:42:16] [Client thread/INFO]: Injecting onc05packetplayerlook[x1] in func_148833_a in C03PacketPlayer$C05PacketPlayerLook
[22:42:16] [Client thread/INFO]: Injecting onc06packetplayerposlook[x1] in func_148833_a in C03PacketPlayer$C06PacketPlayerPosLook
[22:42:16] [Client thread/INFO]: Injecting onc09packethelditemchange[x1] in func_148833_a in C09PacketHeldItemChange
[22:42:16] [Client thread/INFO]: Injecting onc0apacketanimation[x1] in func_148833_a in C0APacketAnimation
[22:42:16] [Client thread/INFO]: Injecting onc0bpacketentityaction[x1] in func_148833_a in C0BPacketEntityAction
[22:42:16] [Client thread/INFO]: Injecting onc0cpacketinput[x1] in func_148833_a in C0CPacketInput
[22:42:16] [Client thread/INFO]: Injecting onc0epacketclickwindow[x1] in func_148833_a in C0EPacketClickWindow
[22:42:16] [Client thread/INFO]: Injecting onc0fpacketconfirmtransaction[x1] in func_148833_a in C0FPacketConfirmTransaction
[22:42:16] [Client thread/INFO]: Injecting onc10packetcreativeinventoryaction[x1] in func_148833_a in C10PacketCreativeInventoryAction
[22:42:16] [Client thread/INFO]: Injecting onc11packetenchantitem[x1] in func_148833_a in C11PacketEnchantItem
[22:42:16] [Client thread/INFO]: Injecting onc12packetupdatesign[x1] in func_148833_a in C12PacketUpdateSign
[22:42:16] [Client thread/INFO]: Injecting onc13packetplayerabilities[x1] in func_148833_a in C13PacketPlayerAbilities
[22:42:16] [Client thread/INFO]: Injecting onc14packettabcomplete[x1] in func_148833_a in C14PacketTabComplete
[22:42:16] [Client thread/INFO]: Injecting ons00packetserverinfo[x1] in func_148833_a in S00PacketServerInfo
[22:42:16] [Client thread/INFO]: Injecting ons01packetpong[x1] in func_148833_a in S01PacketPong
[22:42:16] [Client thread/INFO]: Injecting ons00packetdisconnect[x1] in func_148833_a in S00PacketDisconnect
[22:42:16] [Client thread/INFO]: Injecting ons01packetencryptionrequest[x1] in func_148833_a in S01PacketEncryptionRequest
[22:42:16] [Client thread/INFO]: Injecting onc01packetencryptionresponse[x1] in func_148833_a in C01PacketEncryptionResponse
[22:43:07] [Client thread/INFO]: Baking listener list for ViewportListener with 0 listeners
[22:43:07] [Client thread/INFO]: Sound handler reload inhibit removed
[22:43:07] [Client thread/INFO]: Reloading sound handler
[22:43:08] [Client thread/INFO]: Baking listener list for GameLoopListener with 0 listeners
[22:43:08] [Client thread/INFO]: Baking listener list for RenderListener with 0 listeners
[22:43:08] [Client thread/INFO]: Generating new Event Handler Proxy Class com.mumfrey.liteloader.core.event.EventProxy$2
[22:43:08] [Client thread/INFO]: Successfully generated event handler proxy class with 103 handlers(s) and 103 total invokations
[22:43:08] [Client thread/INFO]: Baking listener list for TickObserver with 3 listeners
[22:43:08] [Client thread/INFO]: Baking listener list for PostRenderObserver with 3 listeners
[22:43:08] [Client thread/INFO]: Baking listener list for Tickable with 0 listeners
[22:43:08] [Client thread/INFO]: Baking listener list for WorldObserver with 2 listeners
[22:43:09] [Client thread/INFO]: Baking listener list for FrameBufferListener with 0 listeners
[22:43:17] [Netty Client IO #1/INFO]: Baking listener list for PostLoginListener with 0 listeners
[22:43:17] [Client thread/INFO]: Baking listener list for PreJoinGameListener with 0 listeners
[22:43:20] [Client thread/INFO]: Baking listener list for JoinGameListener with 0 listeners
[22:43:20] [Client thread/INFO]: Baking listener list for ChatListener with 0 listeners
[22:43:28] [Client thread/INFO]: Baking listener list for PostRenderListener with 0 listeners
[22:43:29] [Client thread/INFO]: Baking listener list for HUDRenderListener with 0 listeners
[22:43:37] [Client thread/INFO]: Baking listener list for OutboundChatFilter with 0 listeners
